<?xml version="1.0" encoding="UTF-8"?>
<testsuite xmlns:xsi="http://www.w3.org/2001/XMLSchema-instance" xsi:noNamespaceSchemaLocation="https://maven.apache.org/surefire/maven-surefire-plugin/xsd/surefire-test-report-3.0.xsd" version="3.0" name="com.tumipay.orchestrator.integration.TransactionIntegrationTest" time="14.342" tests="5" errors="0" skipped="0" failures="0">
  <properties>
[...]
</properties>
  <testcase name="createTransaction_validationError" classname="com.tumipay.orchestrator.integration.TransactionIntegrationTest" time="0.201">
    <system-out><![CDATA[
  .   ____          _            __ _ _
 /\\ / ___'_ __ _ _(_)_ __  __ _ \ \ \ \
( ( )\___ | '_ | '_| | '_ \/ _` | \ \ \ \
 \\/  ___)| |_)| | | | | || (_| |  ) ) ) )
  '  |____| .__|_| |_|_| |_\__, | / / / /
 =========|_|==============|___/=/_/_/_/
 :: Spring Boot ::                (v3.2.4)

15:25:46.325 [main] INFO  c.t.o.i.TransactionIntegrationTest - Starting TransactionIntegrationTest using Java 17.0.12 with PID 30152 (started by daniel in C:\Users\daald\Documents\proyectos personales\prueba ténica tumi pay\transaction-orchestrator)
15:25:46.325 [main] INFO  c.t.o.i.TransactionIntegrationTest - No active profile set, falling back to 1 default profile: "default"
15:25:50.304 [main] WARN  org.hibernate.orm.deprecation - HHH90000025: PostgreSQLDialect does not need to be specified explicitly using 'hibernate.dialect' (remove the property setting and it will be selected by default)
15:25:52.762 [main] WARN  o.s.b.a.o.j.JpaBaseConfiguration$JpaWebConfiguration - spring.jpa.open-in-view is enabled by default. Therefore, database queries may be performed during view rendering. Explicitly configure spring.jpa.open-in-view to disable this warning
15:25:54.686 [main] INFO  c.t.o.i.TransactionIntegrationTest - Started TransactionIntegrationTest in 8.395 seconds (process running for 21.007)
]]></system-out>
  </testcase>
  <testcase name="createTransaction_success" classname="com.tumipay.orchestrator.integration.TransactionIntegrationTest" time="0.436">
    <system-out><![CDATA[15:25:54.937 [http-nio-auto-1-exec-2] INFO  c.t.o.a.service.TransactionService - Creando transacción para clientTransactionId=INT-TEST-1777235154903
15:25:55.212 [http-nio-auto-1-exec-2] INFO  c.t.o.a.service.TransactionService - Transacción persistida con id=56b4bba7-5be0-4d45-a0bf-59a43c540182
15:25:55.222 [http-nio-auto-1-exec-2] INFO  c.t.o.i.a.o.p.MockPaymentProviderAdapter - MockPaymentProvider processing transaction id=56b4bba7-5be0-4d45-a0bf-59a43c540182, amount=100000 COP
15:25:55.235 [http-nio-auto-1-exec-2] INFO  c.t.o.a.service.TransactionService - Transacción id=56b4bba7-5be0-4d45-a0bf-59a43c540182 procesada con status=APPROVED
15:25:55.237 [http-nio-auto-1-exec-2] INFO  c.t.o.i.a.o.m.k.KafkaAuditPublisherAdapter - Publicando evento de auditoría de cliente: customerId=2337a861-602c-4386-95af-700fd218e573, action=INSERT
15:25:55.308 [http-nio-auto-1-exec-2] INFO  c.t.o.i.a.o.m.k.KafkaAuditPublisherAdapter - Publicando evento de auditoría de transacción: transactionId=56b4bba7-5be0-4d45-a0bf-59a43c540182, action=INSERT, status=PENDING
15:25:55.329 [http-nio-auto-1-exec-2] INFO  c.t.o.i.a.o.m.k.KafkaAuditPublisherAdapter - Publicando evento de auditoría de transacción: transactionId=56b4bba7-5be0-4d45-a0bf-59a43c540182, action=UPDATE, status=APPROVED
]]></system-out>
  </testcase>
  <testcase name="createTransaction_duplicate" classname="com.tumipay.orchestrator.integration.TransactionIntegrationTest" time="0.078">
    <system-out><![CDATA[15:25:55.358 [http-nio-auto-1-exec-3] INFO  c.t.o.a.service.TransactionService - Creando transacción para clientTransactionId=INT-TEST-1777235155339
15:25:55.376 [http-nio-auto-1-exec-3] INFO  c.t.o.a.service.TransactionService - Transacción persistida con id=5d31851a-6f7c-49bb-ac78-6308681aa757
15:25:55.376 [http-nio-auto-1-exec-3] INFO  c.t.o.i.a.o.p.MockPaymentProviderAdapter - MockPaymentProvider processing transaction id=5d31851a-6f7c-49bb-ac78-6308681aa757, amount=100000 COP
15:25:55.379 [http-nio-auto-1-exec-3] INFO  c.t.o.a.service.TransactionService - Transacción id=5d31851a-6f7c-49bb-ac78-6308681aa757 procesada con status=APPROVED
15:25:55.380 [http-nio-auto-1-exec-3] INFO  c.t.o.i.a.o.m.k.KafkaAuditPublisherAdapter - Publicando evento de auditoría de transacción: transactionId=5d31851a-6f7c-49bb-ac78-6308681aa757, action=INSERT, status=PENDING
15:25:55.381 [http-nio-auto-1-exec-3] INFO  c.t.o.i.a.o.m.k.KafkaAuditPublisherAdapter - Publicando evento de auditoría de transacción: transactionId=5d31851a-6f7c-49bb-ac78-6308681aa757, action=UPDATE, status=APPROVED
15:25:55.404 [http-nio-auto-1-exec-4] INFO  c.t.o.a.service.TransactionService - Creando transacción para clientTransactionId=INT-TEST-1777235155339
]]></system-out>
  </testcase>
  <testcase name="getTransaction_afterCreation" classname="com.tumipay.orchestrator.integration.TransactionIntegrationTest" time="0.066">
    <system-out><![CDATA[15:25:55.433 [http-nio-auto-1-exec-5] INFO  c.t.o.a.service.TransactionService - Creando transacción para clientTransactionId=INT-TEST-1777235155417
15:25:55.451 [http-nio-auto-1-exec-5] INFO  c.t.o.a.service.TransactionService - Transacción persistida con id=d77d91a7-3413-4766-bae9-5ab95a33aa7d
15:25:55.451 [http-nio-auto-1-exec-5] INFO  c.t.o.i.a.o.p.MockPaymentProviderAdapter - MockPaymentProvider processing transaction id=d77d91a7-3413-4766-bae9-5ab95a33aa7d, amount=100000 COP
15:25:55.456 [http-nio-auto-1-exec-5] INFO  c.t.o.a.service.TransactionService - Transacción id=d77d91a7-3413-4766-bae9-5ab95a33aa7d procesada con status=APPROVED
15:25:55.457 [http-nio-auto-1-exec-5] INFO  c.t.o.i.a.o.m.k.KafkaAuditPublisherAdapter - Publicando evento de auditoría de transacción: transactionId=d77d91a7-3413-4766-bae9-5ab95a33aa7d, action=INSERT, status=PENDING
15:25:55.458 [http-nio-auto-1-exec-5] INFO  c.t.o.i.a.o.m.k.KafkaAuditPublisherAdapter - Publicando evento de auditoría de transacción: transactionId=d77d91a7-3413-4766-bae9-5ab95a33aa7d, action=UPDATE, status=APPROVED
]]></system-out>
  </testcase>
  <testcase name="getTransaction_notFound" classname="com.tumipay.orchestrator.integration.TransactionIntegrationTest" time="0.015"/>
</testsuite>